./sdriver.pl -t trace01.txt -s ./tsh -a "-p"
#
# trace01.txt - Properly terminate on EOF.
#
./sdriver.pl -t trace02.txt -s ./tsh -a "-p"
#
# trace02.txt - Process builtin quit command.
#
./sdriver.pl -t trace03.txt -s ./tsh -a "-p"
#
# trace03.txt - Run a foreground job.
#
tsh> quit
./sdriver.pl -t trace04.txt -s ./tsh -a "-p"
#
# trace04.txt - Run a background job.
#
tsh> ./myspin 1 &
[1] (132552) ./myspin 1 &
./sdriver.pl -t trace05.txt -s ./tsh -a "-p"
#
# trace05.txt - Process jobs builtin command.
#
tsh> ./myspin 2 &
[1] (132558) ./myspin 2 &
tsh> ./myspin 3 &
[2] (132560) ./myspin 3 &
tsh> jobs
[1] (132558) Running ./myspin 2 &
[2] (132560) Running ./myspin 3 &
./sdriver.pl -t trace06.txt -s ./tsh -a "-p"
#
# trace06.txt - Forward SIGINT to foreground job.
#
tsh> ./myspin 4
Job [1] (132567) terminated by signal 2
./sdriver.pl -t trace07.txt -s ./tsh -a "-p"
#
# trace07.txt - Forward SIGINT only to foreground job.
#
tsh> ./myspin 4 &
[1] (132573) ./myspin 4 &
tsh> ./myspin 5
Job [2] (132575) terminated by signal 2
tsh> jobs
[1] (132573) Running ./myspin 4 &
./sdriver.pl -t trace08.txt -s ./tsh -a "-p"
#
# trace08.txt - Forward SIGTSTP only to foreground job.
#
tsh> ./myspin 4 &
[1] (132583) ./myspin 4 &
tsh> ./myspin 5
tsh> jobs
Job [2] (132585) stopped by signal 20
[1] (132583) Running ./myspin 4 &
[2] (132585) Stopped ./myspin 5 
./sdriver.pl -t trace09.txt -s ./tsh -a "-p"
#
# trace09.txt - Process bg builtin command
#
tsh> ./myspin 4 &
[1] (132600) ./myspin 4 &
tsh> ./myspin 5
tsh> jobs
Job [2] (132602) stopped by signal 20
[1] (132600) Running ./myspin 4 &
[2] (132602) Stopped ./myspin 5 
tsh> bg %2
[2] (132602) ./myspin 5 
tsh> jobs
[1] (132600) Running ./myspin 4 &
[2] (132602) Running ./myspin 5 
./sdriver.pl -t trace10.txt -s ./tsh -a "-p"
#
# trace10.txt - Process fg builtin command. 
#
tsh> ./myspin 4 &
[1] (132612) ./myspin 4 &
tsh> fg %1
tsh> jobs
Job [1] (132612) stopped by signal 20
[1] (132612) Stopped ./myspin 4 &
tsh> fg %1
tsh> jobs
./sdriver.pl -t trace11.txt -s ./tsh -a "-p"
#
# trace11.txt - Forward SIGINT to every process in foreground process group
#
tsh> ./mysplit 4
Job [1] (132625) terminated by signal 2
tsh> /bin/ps a
    PID TTY      STAT   TIME COMMAND
   2552 tty2     Ssl+   0:00 /usr/lib/gdm3/gdm-x-session --run-script env GNOME_SHELL_SESSION_MODE=ubuntu /usr/bin/gnome-session --systemd --session=ubuntu
   2558 tty2     Sl+  100:31 /usr/lib/xorg/Xorg vt2 -displayfd 3 -auth /run/user/1000/gdm/Xauthority -background none -noreset -keeptty -verbose 3
   2629 tty2     Sl+    0:00 /usr/libexec/gnome-session-binary --systemd --systemd --session=ubuntu
   2716 tty2     Z+     0:00 [fcitx] <defunct>
 115547 pts/0    Ss+    0:00 bash
 115778 pts/0    T      0:00 vim
 116036 pts/1    Ss     0:00 bash
 120211 pts/2    Ss     0:00 bash
 123783 pts/1    S      0:00 ./tsh -p
 123809 pts/1    T      0:00 ./myspin 3
 124322 pts/0    S      0:00 ./tsh -p
 124326 pts/0    T      0:00 ./myspin 5
 127628 pts/1    S      0:00 ./tsh -p
 127630 pts/1    T      0:00 ./mystop 2
 130367 pts/1    S+     0:08 vim tsh.c
 131326 pts/3    Ss+    0:00 bash
 131531 pts/2    T      0:00 ./myspin 400
 132532 pts/2    S+     0:00 python test.py
 132621 pts/2    S+     0:00 sh -c ./sdriver.pl -t trace11.txt -s ./tsh -a "-p" >> mytsh.out
 132622 pts/2    S+     0:00 /usr/bin/perl ./sdriver.pl -t trace11.txt -s ./tsh -a -p
 132623 pts/2    S+     0:00 ./tsh -p
 132628 pts/2    R      0:00 /bin/ps a
./sdriver.pl -t trace12.txt -s ./tsh -a "-p"
#
# trace12.txt - Forward SIGTSTP to every process in foreground process group
#
tsh> ./mysplit 4
Job [1] (132634) stopped by signal 20
tsh> jobs
[1] (132634) Stopped ./mysplit 4 
tsh> /bin/ps a
    PID TTY      STAT   TIME COMMAND
   2552 tty2     Ssl+   0:00 /usr/lib/gdm3/gdm-x-session --run-script env GNOME_SHELL_SESSION_MODE=ubuntu /usr/bin/gnome-session --systemd --session=ubuntu
   2558 tty2     Sl+  100:31 /usr/lib/xorg/Xorg vt2 -displayfd 3 -auth /run/user/1000/gdm/Xauthority -background none -noreset -keeptty -verbose 3
   2629 tty2     Sl+    0:00 /usr/libexec/gnome-session-binary --systemd --systemd --session=ubuntu
   2716 tty2     Z+     0:00 [fcitx] <defunct>
 115547 pts/0    Ss+    0:00 bash
 115778 pts/0    T      0:00 vim
 116036 pts/1    Ss     0:00 bash
 120211 pts/2    Ss     0:00 bash
 123783 pts/1    S      0:00 ./tsh -p
 123809 pts/1    T      0:00 ./myspin 3
 124322 pts/0    S      0:00 ./tsh -p
 124326 pts/0    T      0:00 ./myspin 5
 127628 pts/1    S      0:00 ./tsh -p
 127630 pts/1    T      0:00 ./mystop 2
 130367 pts/1    S+     0:08 vim tsh.c
 131326 pts/3    Ss+    0:00 bash
 131531 pts/2    T      0:00 ./myspin 400
 132532 pts/2    S+     0:00 python test.py
 132630 pts/2    S+     0:00 sh -c ./sdriver.pl -t trace12.txt -s ./tsh -a "-p" >> mytsh.out
 132631 pts/2    S+     0:00 /usr/bin/perl ./sdriver.pl -t trace12.txt -s ./tsh -a -p
 132632 pts/2    S+     0:00 ./tsh -p
 132634 pts/2    T      0:00 ./mysplit 4
 132635 pts/2    T      0:00 ./mysplit 4
 132638 pts/2    R      0:00 /bin/ps a
./sdriver.pl -t trace13.txt -s ./tsh -a "-p"
#
# trace13.txt - Restart every stopped process in process group
#
tsh> ./mysplit 4
Job [1] (132644) stopped by signal 20
tsh> jobs
[1] (132644) Stopped ./mysplit 4 
tsh> /bin/ps a
    PID TTY      STAT   TIME COMMAND
   2552 tty2     Ssl+   0:00 /usr/lib/gdm3/gdm-x-session --run-script env GNOME_SHELL_SESSION_MODE=ubuntu /usr/bin/gnome-session --systemd --session=ubuntu
   2558 tty2     Sl+  100:31 /usr/lib/xorg/Xorg vt2 -displayfd 3 -auth /run/user/1000/gdm/Xauthority -background none -noreset -keeptty -verbose 3
   2629 tty2     Sl+    0:00 /usr/libexec/gnome-session-binary --systemd --systemd --session=ubuntu
   2716 tty2     Z+     0:00 [fcitx] <defunct>
 115547 pts/0    Ss+    0:00 bash
 115778 pts/0    T      0:00 vim
 116036 pts/1    Ss     0:00 bash
 120211 pts/2    Ss     0:00 bash
 123783 pts/1    S      0:00 ./tsh -p
 123809 pts/1    T      0:00 ./myspin 3
 124322 pts/0    S      0:00 ./tsh -p
 124326 pts/0    T      0:00 ./myspin 5
 127628 pts/1    S      0:00 ./tsh -p
 127630 pts/1    T      0:00 ./mystop 2
 130367 pts/1    S+     0:08 vim tsh.c
 131326 pts/3    Ss+    0:00 bash
 131531 pts/2    T      0:00 ./myspin 400
 132532 pts/2    S+     0:00 python test.py
 132640 pts/2    S+     0:00 sh -c ./sdriver.pl -t trace13.txt -s ./tsh -a "-p" >> mytsh.out
 132641 pts/2    S+     0:00 /usr/bin/perl ./sdriver.pl -t trace13.txt -s ./tsh -a -p
 132642 pts/2    S+     0:00 ./tsh -p
 132644 pts/2    T      0:00 ./mysplit 4
 132645 pts/2    T      0:00 ./mysplit 4
 132648 pts/2    R      0:00 /bin/ps a
tsh> fg %1
tsh> /bin/ps a
    PID TTY      STAT   TIME COMMAND
   2552 tty2     Ssl+   0:00 /usr/lib/gdm3/gdm-x-session --run-script env GNOME_SHELL_SESSION_MODE=ubuntu /usr/bin/gnome-session --systemd --session=ubuntu
   2558 tty2     Sl+  100:31 /usr/lib/xorg/Xorg vt2 -displayfd 3 -auth /run/user/1000/gdm/Xauthority -background none -noreset -keeptty -verbose 3
   2629 tty2     Sl+    0:00 /usr/libexec/gnome-session-binary --systemd --systemd --session=ubuntu
   2716 tty2     Z+     0:00 [fcitx] <defunct>
 115547 pts/0    Ss+    0:00 bash
 115778 pts/0    T      0:00 vim
 116036 pts/1    Ss     0:00 bash
 120211 pts/2    Ss     0:00 bash
 123783 pts/1    S      0:00 ./tsh -p
 123809 pts/1    T      0:00 ./myspin 3
 124322 pts/0    S      0:00 ./tsh -p
 124326 pts/0    T      0:00 ./myspin 5
 127628 pts/1    S      0:00 ./tsh -p
 127630 pts/1    T      0:00 ./mystop 2
 130367 pts/1    S+     0:08 vim tsh.c
 131326 pts/3    Ss+    0:00 bash
 131531 pts/2    T      0:00 ./myspin 400
 132532 pts/2    S+     0:00 python test.py
 132640 pts/2    S+     0:00 sh -c ./sdriver.pl -t trace13.txt -s ./tsh -a "-p" >> mytsh.out
 132641 pts/2    S+     0:00 /usr/bin/perl ./sdriver.pl -t trace13.txt -s ./tsh -a -p
 132642 pts/2    S+     0:00 ./tsh -p
 132652 pts/2    R      0:00 /bin/ps a
./sdriver.pl -t trace14.txt -s ./tsh -a "-p"
#
# trace14.txt - Simple error handling
#
tsh> ./bogus
./bogus: No such file or directory
tsh> ./myspin 4 &
[1] (132661) ./myspin 4 &
tsh> fg
fg: command requires PID or %jobid argument
tsh> bg
bg: command requires PID or %jobid argument
tsh> fg a
fg argument must be a PID or %jobid
tsh> bg a
bg argument must be a PID or %jobid
tsh> fg 9999999
(9999999): No such process
tsh> bg 9999999
(9999999): No such process
tsh> fg %2
%2: No such job
tsh> fg %1
tsh> bg %2
Job [1] (132661) stopped by signal 20
%2: No such job
tsh> bg %1
[1] (132661) ./myspin 4 &
tsh> jobs
[1] (132661) Running ./myspin 4 &
./sdriver.pl -t trace15.txt -s ./tsh -a "-p"
#
# trace15.txt - Putting it all together
#
tsh> ./bogus
./bogus: No such file or directory
tsh> ./myspin 10
Job [1] (132688) terminated by signal 2
tsh> ./myspin 3 &
[1] (132690) ./myspin 3 &
tsh> ./myspin 4 &
[2] (132692) ./myspin 4 &
tsh> jobs
[1] (132690) Running ./myspin 3 &
[2] (132692) Running ./myspin 4 &
tsh> fg %1
tsh> jobs
Job [1] (132690) stopped by signal 20
[1] (132690) Stopped ./myspin 3 &
[2] (132692) Running ./myspin 4 &
tsh> bg %3
%3: No such job
tsh> bg %1
[1] (132690) ./myspin 3 &
tsh> jobs
[1] (132690) Running ./myspin 3 &
[2] (132692) Running ./myspin 4 &
tsh> fg %1
tsh> quit
./sdriver.pl -t trace16.txt -s ./tsh -a "-p"
#
# trace16.txt - Tests whether the shell can handle SIGTSTP and SIGINT
#     signals that come from other processes instead of the terminal.
#
tsh> ./mystop 2
Job [1] (132707) stopped by signal 20
tsh> jobs
[1] (132707) Stopped ./mystop 2
tsh> ./myint 2
Job [2] (132710) terminated by signal 2
